<?xml version="1.0" encoding="UTF-8"?>
<robot generator="Robot 4.1.1 (Python 3.9.6 on win32)" generated="20211123 15:34:23.896" rpa="false" schemaversion="2">
<suite id="s1" name="Robot Interactive Console" source="c:\Users\Eliana\.vscode\extensions\robocorp.robotframework-lsp-0.29.0\src\robotframework_ls\vendored\robotframework_interactive\robot_interactive_console.robot">
<test id="s1-t1" name="Default Task/Test">
<kw name="Interpreter Main Loop" library="MainLoop">
<status status="PASS" starttime="20211123 15:34:23.933" endtime="20211123 15:34:27.211"/>
</kw>
<kw name="Stop Recording Test" library="AutoRecorder">
<arg>Default Task/Test</arg>
<doc>There is no need to execute this keyword manually.
Basically - alias for https://mihaiparvu.github.io/ScreenCapLibrary/ScreenCapLibrary.html#Stop%20Video%20Recording</doc>
<msg timestamp="20211123 15:34:27.225" level="FAIL">No library 'ScreenCapLibrary' found.</msg>
<status status="FAIL" starttime="20211123 15:34:27.213" endtime="20211123 15:34:27.225"/>
</kw>
<status status="FAIL" starttime="20211123 15:34:23.932" endtime="20211123 15:34:27.212"/>
</test>
<status status="FAIL" starttime="20211123 15:34:23.899" endtime="20211123 15:34:27.227"/>
</suite>
<statistics>
<total>
<stat pass="0" fail="1" skip="0">All Tests</stat>
</total>
<tag>
</tag>
<suite>
<stat pass="0" fail="1" skip="0" id="s1" name="Robot Interactive Console">Robot Interactive Console</stat>
</suite>
</statistics>
<errors>
<msg timestamp="20211123 15:34:27.225" level="ERROR">Calling method '_end_test' of listener 'AutoRecorder' failed: No library 'ScreenCapLibrary' found.</msg>
</errors>
</robot>
