<?xml version="1.0" encoding="UTF-8"?>
<robot generator="Robot 4.1.2 (Python 3.9.2 on win32)" generated="20211215 10:24:41.255" rpa="false" schemaversion="2">
<suite id="s1" name="Robot Interactive Console" source="c:\Users\Danilo\.vscode\extensions\robocorp.robotframework-lsp-0.33.0\src\robotframework_ls\vendored\robotframework_interactive\robot_interactive_console.robot">
<test id="s1-t1" name="Default Task/Test">
<kw name="Interpreter Main Loop" library="MainLoop">
<kw name="Acesso Tela">
<msg timestamp="20211215 10:24:42.515" level="FAIL">No keyword with name 'Acesso Tela' found.</msg>
<status status="FAIL" starttime="20211215 10:24:42.515" endtime="20211215 10:24:42.515"/>
</kw>
<kw name="Preencher &quot;Manutencao Lote Compras|Manutenção do Estoque (Lote de Compras em dias)|&quot;, &quot;Qtd De Lotes Em Dias |10|, |10|, |10|, |10|&quot;, &quot;Validar Alteracao|Registro salvo com sucesso !|&quot;">
<status status="NOT RUN" starttime="20211215 10:24:42.517" endtime="20211215 10:24:42.517"/>
</kw>
<kw name="Preencher &quot;Inflacao Mensal de Formacao de OC|Manutenção do Estoque (Inflação Mensal de Formação de Ordens de Compras)|&quot;, &quot;Valor Inflacao|40|&quot;, &quot;Validar Alteracao|Registro salvo com sucesso !|&quot;">
<status status="NOT RUN" starttime="20211215 10:24:42.518" endtime="20211215 10:24:42.518"/>
</kw>
<status status="PASS" starttime="20211215 10:24:41.287" endtime="20211215 10:24:44.737"/>
</kw>
<status status="PASS" starttime="20211215 10:24:41.287" endtime="20211215 10:24:44.738"/>
</test>
<status status="PASS" starttime="20211215 10:24:41.258" endtime="20211215 10:24:44.739"/>
</suite>
<statistics>
<total>
<stat pass="1" fail="0" skip="0">All Tests</stat>
</total>
<tag>
</tag>
<suite>
<stat pass="1" fail="0" skip="0" id="s1" name="Robot Interactive Console">Robot Interactive Console</stat>
</suite>
</statistics>
<errors>
</errors>
</robot>
